<?xml version="1.0" encoding="UTF-8"?>
<Site BuildName="(empty)"
	BuildStamp="20240206-1207-Experimental"
	Name="hamasfa-Victus-by-HP-Gaming-Laptop-15-fa0xxx"
	Generator="ctest-3.16.3"
	CompilerName="/usr/bin/g++"
	CompilerVersion="9.4.0"
	OSName="Linux"
	Hostname="hamasfa-Victus-by-HP-Gaming-Laptop-15-fa0xxx"
	OSRelease="5.15.0-92-generic"
	OSVersion="#102~20.04.1-Ubuntu SMP Mon Jan 15 13:09:14 UTC 2024"
	OSPlatform="x86_64"
	Is64Bits="1"
	VendorString="GenuineIntel"
	VendorID="Intel Corporation"
	FamilyID="6"
	ModelID="154"
	ProcessorCacheSize="18432"
	NumberOfLogicalCPU="16"
	NumberOfPhysicalCPU="12"
	TotalVirtualMemory="3999"
	TotalPhysicalMemory="7599"
	LogicalProcessorsPerPhysical="1"
	ProcessorClockFrequency="4205.79"
	>
	<Testing>
		<StartDateTime>Feb 06 12:36 WIB</StartDateTime>
		<StartTestTime>1707197783</StartTestTime>
		<TestList/>
		<EndDateTime>Feb 06 12:36 WIB</EndDateTime>
		<EndTestTime>1707197783</EndTestTime>
		<ElapsedMinutes>0</ElapsedMinutes>
	</Testing>
</Site>
